2025-12-08T17:48:10.613816307Z 
2025-12-08T17:48:10.613991544Z   .   ____          _            __ _ _
2025-12-08T17:48:10.614531080Z  /\\ / ___'_ __ _ _(_)_ __  __ _ \ \ \ \
2025-12-08T17:48:10.614548320Z ( ( )\___ | '_ | '_| | '_ \/ _` | \ \ \ \
2025-12-08T17:48:10.614552293Z  \\/  ___)| |_)| | | | | || (_| |  ) ) ) )
2025-12-08T17:48:10.614554571Z   '  |____| .__|_| |_|_| |_\__, | / / / /
2025-12-08T17:48:10.614556753Z  =========|_|==============|___/=/_/_/_/
2025-12-08T17:48:10.625802876Z  :: Spring Boot ::                (v3.2.5)
2025-12-08T17:48:10.625903366Z 
2025-12-08T17:48:11.160566860Z 2025-12-08T17:48:11.154Z  INFO 1 --- [api-gateway] [           main] com.apigateway.ApiGatewayApplication     : Starting ApiGatewayApplication v0.0.1-SNAPSHOT using Java 17.0.17 with PID 1 (/app/app.jar started by root in /app)
2025-12-08T17:48:11.164542091Z 2025-12-08T17:48:11.163Z  INFO 1 --- [api-gateway] [           main] com.apigateway.ApiGatewayApplication     : No active profile set, falling back to 1 default profile: "default"
2025-12-08T17:48:11.494711990Z 2025-12-08T17:48:11.484Z  INFO 1 --- [api-gateway] [           main] o.s.c.c.c.ConfigServerConfigDataLoader   : Fetching config from server at : http://config-server:8888
2025-12-08T17:48:11.496233364Z 2025-12-08T17:48:11.494Z  INFO 1 --- [api-gateway] [           main] o.s.c.c.c.ConfigServerConfigDataLoader   : Located environment: name=application, profiles=[default], label=null, version=2b6f201cbb3450a200afa9398fd1f1ad98ce7951, state=null
2025-12-08T17:48:11.496266175Z 2025-12-08T17:48:11.495Z  INFO 1 --- [api-gateway] [           main] o.s.c.c.c.ConfigServerConfigDataLoader   : Fetching config from server at : http://config-server:8888
2025-12-08T17:48:11.498595165Z 2025-12-08T17:48:11.496Z  INFO 1 --- [api-gateway] [           main] o.s.c.c.c.ConfigServerConfigDataLoader   : Located environment: name=api-gateway, profiles=[default], label=null, version=2b6f201cbb3450a200afa9398fd1f1ad98ce7951, state=null
2025-12-08T17:48:16.387141780Z 2025-12-08T17:48:16.386Z  INFO 1 --- [api-gateway] [           main] .s.d.r.c.RepositoryConfigurationDelegate : Bootstrapping Spring Data Reactive MongoDB repositories in DEFAULT mode.
2025-12-08T17:48:17.233255281Z 2025-12-08T17:48:17.232Z  INFO 1 --- [api-gateway] [           main] .s.d.r.c.RepositoryConfigurationDelegate : Finished Spring Data repository scanning in 794 ms. Found 1 Reactive MongoDB repository interface.
2025-12-08T17:48:20.539320033Z 2025-12-08T17:48:20.523Z  INFO 1 --- [api-gateway] [           main] o.s.cloud.context.scope.GenericScope     : BeanFactory id=80ef1a0f-e585-3aa6-adac-efca906b8020
2025-12-08T17:48:21.729448747Z 2025-12-08T17:48:21.726Z  WARN 1 --- [api-gateway] [           main] trationDelegate$BeanPostProcessorChecker : Bean 'org.springframework.cloud.client.loadbalancer.LoadBalancerAutoConfiguration$DeferringLoadBalancerInterceptorConfig' of type [org.springframework.cloud.client.loadbalancer.LoadBalancerAutoConfiguration$DeferringLoadBalancerInterceptorConfig] is not eligible for getting processed by all BeanPostProcessors (for example: not eligible for auto-proxying). The currently created BeanPostProcessor [lbRestClientPostProcessor] is declared through a non-static factory method on that class; consider declaring it as static instead.
2025-12-08T17:48:21.734788311Z 2025-12-08T17:48:21.731Z  WARN 1 --- [api-gateway] [           main] trationDelegate$BeanPostProcessorChecker : Bean 'deferringLoadBalancerInterceptor' of type [org.springframework.cloud.client.loadbalancer.DeferringLoadBalancerInterceptor] is not eligible for getting processed by all BeanPostProcessors (for example: not eligible for auto-proxying). Is this bean getting eagerly injected into a currently created BeanPostProcessor [lbRestClientPostProcessor]? Check the corresponding BeanPostProcessor declaration and its dependencies.
2025-12-08T17:48:21.741685553Z 2025-12-08T17:48:21.740Z  WARN 1 --- [api-gateway] [           main] trationDelegate$BeanPostProcessorChecker : Bean 'org.springframework.cloud.client.loadbalancer.reactive.LoadBalancerBeanPostProcessorAutoConfiguration' of type [org.springframework.cloud.client.loadbalancer.reactive.LoadBalancerBeanPostProcessorAutoConfiguration] is not eligible for getting processed by all BeanPostProcessors (for example: not eligible for auto-proxying). The currently created BeanPostProcessor [loadBalancerWebClientBuilderBeanPostProcessor] is declared through a non-static factory method on that class; consider declaring it as static instead.
2025-12-08T17:48:21.746230258Z 2025-12-08T17:48:21.745Z  WARN 1 --- [api-gateway] [           main] trationDelegate$BeanPostProcessorChecker : Bean 'org.springframework.cloud.client.loadbalancer.reactive.LoadBalancerBeanPostProcessorAutoConfiguration$ReactorDeferringLoadBalancerFilterConfig' of type [org.springframework.cloud.client.loadbalancer.reactive.LoadBalancerBeanPostProcessorAutoConfiguration$ReactorDeferringLoadBalancerFilterConfig] is not eligible for getting processed by all BeanPostProcessors (for example: not eligible for auto-proxying). Is this bean getting eagerly injected into a currently created BeanPostProcessor [loadBalancerWebClientBuilderBeanPostProcessor]? Check the corresponding BeanPostProcessor declaration and its dependencies.
2025-12-08T17:48:21.751959574Z 2025-12-08T17:48:21.750Z  WARN 1 --- [api-gateway] [           main] trationDelegate$BeanPostProcessorChecker : Bean 'reactorDeferringLoadBalancerExchangeFilterFunction' of type [org.springframework.cloud.client.loadbalancer.reactive.DeferringLoadBalancerExchangeFilterFunction] is not eligible for getting processed by all BeanPostProcessors (for example: not eligible for auto-proxying). Is this bean getting eagerly injected into a currently created BeanPostProcessor [loadBalancerWebClientBuilderBeanPostProcessor]? Check the corresponding BeanPostProcessor declaration and its dependencies.
2025-12-08T17:48:26.183632629Z 2025-12-08T17:48:26.182Z  INFO 1 --- [api-gateway] [           main] org.mongodb.driver.client                : MongoClient with metadata {"driver": {"name": "mongo-java-driver|reactive-streams|spring-boot", "version": "4.11.2"}, "os": {"type": "Linux", "name": "Linux", "architecture": "amd64", "version": "6.6.87.2-microsoft-standard-WSL2"}, "platform": "Java/Eclipse Adoptium/17.0.17+10"} created with settings MongoClientSettings{readPreference=primary, writeConcern=WriteConcern{w=null, wTimeout=null ms, journal=null}, retryWrites=true, retryReads=true, readConcern=ReadConcern{level=null}, credential=null, transportSettings=NettyTransportSettings{eventLoopGroup=io.netty.channel.nio.NioEventLoopGroup@625264ed, socketChannelClass=null, allocator=null, sslContext=null}, streamFactoryFactory=null, commandListeners=[io.micrometer.core.instrument.binder.mongodb.MongoMetricsCommandListener@559fd5ec], codecRegistry=ProvidersCodecRegistry{codecProviders=[ValueCodecProvider{}, BsonValueCodecProvider{}, DBRefCodecProvider{}, DBObjectCodecProvider{}, DocumentCodecProvider{}, CollectionCodecProvider{}, IterableCodecProvider{}, MapCodecProvider{}, GeoJsonCodecProvider{}, GridFSFileCodecProvider{}, Jsr310CodecProvider{}, JsonObjectCodecProvider{}, BsonCodecProvider{}, EnumCodecProvider{}, com.mongodb.client.model.mql.ExpressionCodecProvider@bb12f41, com.mongodb.Jep395RecordCodecProvider@708dfe10, com.mongodb.KotlinCodecProvider@18989e0]}, loggerSettings=LoggerSettings{maxDocumentLength=1000}, clusterSettings={hosts=[mongodb:27017], srvServiceName=mongodb, mode=SINGLE, requiredClusterType=UNKNOWN, requiredReplicaSetName='null', serverSelector='null', clusterListeners='[]', serverSelectionTimeout='30000 ms', localThreshold='15 ms'}, socketSettings=SocketSettings{connectTimeoutMS=10000, readTimeoutMS=0, receiveBufferSize=0, proxySettings=ProxySettings{host=null, port=null, username=null, password=null}}, heartbeatSocketSettings=SocketSettings{connectTimeoutMS=10000, readTimeoutMS=10000, receiveBufferSize=0, proxySettings=ProxySettings{host=null, port=null, username=null, password=null}}, connectionPoolSettings=ConnectionPoolSettings{maxSize=100, minSize=0, maxWaitTimeMS=120000, maxConnectionLifeTimeMS=0, maxConnectionIdleTimeMS=0, maintenanceInitialDelayMS=0, maintenanceFrequencyMS=60000, connectionPoolListeners=[io.micrometer.core.instrument.binder.mongodb.MongoMetricsConnectionPoolListener@2a120c88], maxConnecting=2}, serverSettings=ServerSettings{heartbeatFrequencyMS=10000, minHeartbeatFrequencyMS=500, serverListeners='[]', serverMonitorListeners='[]'}, sslSettings=SslSettings{enabled=false, invalidHostNameAllowed=false, context=null}, applicationName='null', compressorList=[], uuidRepresentation=JAVA_LEGACY, serverApi=null, autoEncryptionSettings=null, dnsClient=null, inetAddressResolver=null, contextProvider=null}
2025-12-08T17:48:26.751385309Z 2025-12-08T17:48:26.750Z  INFO 1 --- [api-gateway] [}-mongodb:27017] org.mongodb.driver.cluster               : Monitor thread successfully connected to server with description ServerDescription{address=mongodb:27017, type=STANDALONE, state=CONNECTED, ok=true, minWireVersion=0, maxWireVersion=27, maxDocumentSize=16777216, logicalSessionTimeoutMinutes=30, roundTripTimeNanos=350743565}
2025-12-08T17:48:32.397268465Z 2025-12-08T17:48:32.395Z  INFO 1 --- [api-gateway] [           main] o.s.c.g.r.RouteDefinitionRouteLocator    : Loaded RoutePredicateFactory [After]
2025-12-08T17:48:32.398883374Z 2025-12-08T17:48:32.396Z  INFO 1 --- [api-gateway] [           main] o.s.c.g.r.RouteDefinitionRouteLocator    : Loaded RoutePredicateFactory [Before]
2025-12-08T17:48:32.398933958Z 2025-12-08T17:48:32.396Z  INFO 1 --- [api-gateway] [           main] o.s.c.g.r.RouteDefinitionRouteLocator    : Loaded RoutePredicateFactory [Between]
2025-12-08T17:48:32.398960050Z 2025-12-08T17:48:32.397Z  INFO 1 --- [api-gateway] [           main] o.s.c.g.r.RouteDefinitionRouteLocator    : Loaded RoutePredicateFactory [Cookie]
2025-12-08T17:48:32.398963127Z 2025-12-08T17:48:32.397Z  INFO 1 --- [api-gateway] [           main] o.s.c.g.r.RouteDefinitionRouteLocator    : Loaded RoutePredicateFactory [Header]
2025-12-08T17:48:32.398966442Z 2025-12-08T17:48:32.397Z  INFO 1 --- [api-gateway] [           main] o.s.c.g.r.RouteDefinitionRouteLocator    : Loaded RoutePredicateFactory [Host]
2025-12-08T17:48:32.398969996Z 2025-12-08T17:48:32.397Z  INFO 1 --- [api-gateway] [           main] o.s.c.g.r.RouteDefinitionRouteLocator    : Loaded RoutePredicateFactory [Method]
2025-12-08T17:48:32.398973053Z 2025-12-08T17:48:32.397Z  INFO 1 --- [api-gateway] [           main] o.s.c.g.r.RouteDefinitionRouteLocator    : Loaded RoutePredicateFactory [Path]
2025-12-08T17:48:32.398976006Z 2025-12-08T17:48:32.397Z  INFO 1 --- [api-gateway] [           main] o.s.c.g.r.RouteDefinitionRouteLocator    : Loaded RoutePredicateFactory [Query]
2025-12-08T17:48:32.398978929Z 2025-12-08T17:48:32.397Z  INFO 1 --- [api-gateway] [           main] o.s.c.g.r.RouteDefinitionRouteLocator    : Loaded RoutePredicateFactory [ReadBody]
2025-12-08T17:48:32.399009488Z 2025-12-08T17:48:32.397Z  INFO 1 --- [api-gateway] [           main] o.s.c.g.r.RouteDefinitionRouteLocator    : Loaded RoutePredicateFactory [RemoteAddr]
2025-12-08T17:48:32.399012983Z 2025-12-08T17:48:32.397Z  INFO 1 --- [api-gateway] [           main] o.s.c.g.r.RouteDefinitionRouteLocator    : Loaded RoutePredicateFactory [XForwardedRemoteAddr]
2025-12-08T17:48:32.399015884Z 2025-12-08T17:48:32.397Z  INFO 1 --- [api-gateway] [           main] o.s.c.g.r.RouteDefinitionRouteLocator    : Loaded RoutePredicateFactory [Weight]
2025-12-08T17:48:32.399018858Z 2025-12-08T17:48:32.397Z  INFO 1 --- [api-gateway] [           main] o.s.c.g.r.RouteDefinitionRouteLocator    : Loaded RoutePredicateFactory [CloudFoundryRouteService]
2025-12-08T17:48:33.623772856Z 2025-12-08T17:48:33.622Z  INFO 1 --- [api-gateway] [           main] o.s.b.a.e.web.EndpointLinksResolver      : Exposing 1 endpoint(s) beneath base path '/actuator'
2025-12-08T17:48:34.589418194Z 2025-12-08T17:48:34.587Z  INFO 1 --- [api-gateway] [           main] DiscoveryClientOptionalArgsConfiguration : Eureka HTTP Client uses RestTemplate.
2025-12-08T17:48:34.709916274Z 2025-12-08T17:48:34.708Z  WARN 1 --- [api-gateway] [           main] iguration$LoadBalancerCaffeineWarnLogger : Spring Cloud LoadBalancer is currently working with the default cache. While this cache implementation is useful for development and tests, it's recommended to use Caffeine cache in production.You can switch to using Caffeine cache, by adding it and org.springframework.cache.caffeine.CaffeineCacheManager to the classpath.
2025-12-08T17:48:34.957286483Z 2025-12-08T17:48:34.956Z  INFO 1 --- [api-gateway] [           main] o.s.c.n.eureka.InstanceInfoFactory       : Setting initial instance status as: STARTING
2025-12-08T17:48:35.380839653Z 2025-12-08T17:48:35.369Z  INFO 1 --- [api-gateway] [           main] com.netflix.discovery.DiscoveryClient    : Initializing Eureka in region us-east-1
2025-12-08T17:48:35.415470988Z 2025-12-08T17:48:35.414Z  INFO 1 --- [api-gateway] [           main] c.n.d.s.r.aws.ConfigClusterResolver      : Resolving eureka endpoints via configuration
2025-12-08T17:48:35.556325924Z 2025-12-08T17:48:35.554Z  INFO 1 --- [api-gateway] [           main] com.netflix.discovery.DiscoveryClient    : Disable delta property : false
2025-12-08T17:48:35.557646414Z 2025-12-08T17:48:35.555Z  INFO 1 --- [api-gateway] [           main] com.netflix.discovery.DiscoveryClient    : Single vip registry refresh property : null
2025-12-08T17:48:35.557693955Z 2025-12-08T17:48:35.555Z  INFO 1 --- [api-gateway] [           main] com.netflix.discovery.DiscoveryClient    : Force full registry fetch : false
2025-12-08T17:48:35.557710230Z 2025-12-08T17:48:35.556Z  INFO 1 --- [api-gateway] [           main] com.netflix.discovery.DiscoveryClient    : Application is null : false
2025-12-08T17:48:35.557723150Z 2025-12-08T17:48:35.556Z  INFO 1 --- [api-gateway] [           main] com.netflix.discovery.DiscoveryClient    : Registered Applications size is zero : true
2025-12-08T17:48:35.557733700Z 2025-12-08T17:48:35.556Z  INFO 1 --- [api-gateway] [           main] com.netflix.discovery.DiscoveryClient    : Application version is -1: true
2025-12-08T17:48:35.557744376Z 2025-12-08T17:48:35.556Z  INFO 1 --- [api-gateway] [           main] com.netflix.discovery.DiscoveryClient    : Getting all instance registry info from the eureka server
2025-12-08T17:48:36.932781002Z 2025-12-08T17:48:36.931Z  INFO 1 --- [api-gateway] [           main] com.netflix.discovery.DiscoveryClient    : The response status is 200
2025-12-08T17:48:36.940686052Z 2025-12-08T17:48:36.939Z  INFO 1 --- [api-gateway] [           main] com.netflix.discovery.DiscoveryClient    : Starting heartbeat executor: renew interval is: 30
2025-12-08T17:48:36.959282538Z 2025-12-08T17:48:36.957Z  INFO 1 --- [api-gateway] [           main] c.n.discovery.InstanceInfoReplicator     : InstanceInfoReplicator onDemand update allowed rate per min is 4
2025-12-08T17:48:36.981333303Z 2025-12-08T17:48:36.980Z  INFO 1 --- [api-gateway] [           main] com.netflix.discovery.DiscoveryClient    : Discovery Client initialized at timestamp 1765216116979 with initial instances count: 2
2025-12-08T17:48:36.993608906Z 2025-12-08T17:48:36.992Z  INFO 1 --- [api-gateway] [           main] o.s.c.n.e.s.EurekaServiceRegistry        : Registering application API-GATEWAY with eureka with status UP
2025-12-08T17:48:36.995095930Z 2025-12-08T17:48:36.994Z  INFO 1 --- [api-gateway] [           main] com.netflix.discovery.DiscoveryClient    : Saw local status change event StatusChangeEvent [timestamp=1765216116993, current=UP, previous=STARTING]
2025-12-08T17:48:37.015002486Z 2025-12-08T17:48:37.010Z  INFO 1 --- [api-gateway] [nfoReplicator-0] com.netflix.discovery.DiscoveryClient    : DiscoveryClient_API-GATEWAY/1ec9b1830ae6:api-gateway:9000: registering service...
2025-12-08T17:48:37.300693941Z 2025-12-08T17:48:37.296Z  INFO 1 --- [api-gateway] [nfoReplicator-0] com.netflix.discovery.DiscoveryClient    : DiscoveryClient_API-GATEWAY/1ec9b1830ae6:api-gateway:9000 - registration status: 204
2025-12-08T17:48:37.570178901Z 2025-12-08T17:48:37.568Z  INFO 1 --- [api-gateway] [           main] o.s.b.web.embedded.netty.NettyWebServer  : Netty started on port 9000
2025-12-08T17:48:37.589657279Z 2025-12-08T17:48:37.587Z  INFO 1 --- [api-gateway] [           main] .s.c.n.e.s.EurekaAutoServiceRegistration : Updating port to 9000
2025-12-08T17:48:37.723098351Z 2025-12-08T17:48:37.720Z  INFO 1 --- [api-gateway] [           main] com.apigateway.ApiGatewayApplication     : Started ApiGatewayApplication in 36.076 seconds (process running for 40.697)
