2025-12-08T17:47:29.915103896Z 
2025-12-08T17:47:29.915418499Z   .   ____          _            __ _ _
2025-12-08T17:47:29.915568068Z  /\\ / ___'_ __ _ _(_)_ __  __ _ \ \ \ \
2025-12-08T17:47:29.915580353Z ( ( )\___ | '_ | '_| | '_ \/ _` | \ \ \ \
2025-12-08T17:47:29.915584435Z  \\/  ___)| |_)| | | | | || (_| |  ) ) ) )
2025-12-08T17:47:29.915587539Z   '  |____| .__|_| |_|_| |_\__, | / / / /
2025-12-08T17:47:29.915590422Z  =========|_|==============|___/=/_/_/_/
2025-12-08T17:47:29.919074565Z  :: Spring Boot ::                (v3.2.5)
2025-12-08T17:47:29.920919850Z 
2025-12-08T17:47:30.801281811Z 2025-12-08T17:47:30.792Z  INFO 1 --- [config-server] [           main] c.c.ConfigServerFlightBookingApplication : Starting ConfigServerFlightBookingApplication v0.0.1-SNAPSHOT using Java 17.0.17 with PID 1 (/app.jar started by root in /)
2025-12-08T17:47:30.816853901Z 2025-12-08T17:47:30.816Z  INFO 1 --- [config-server] [           main] c.c.ConfigServerFlightBookingApplication : The following 1 profile is active: "git"
2025-12-08T17:47:39.894107382Z 2025-12-08T17:47:39.893Z  INFO 1 --- [config-server] [           main] o.s.cloud.context.scope.GenericScope     : BeanFactory id=42053a2b-08fc-3e89-bc25-654211fe497a
2025-12-08T17:47:40.653962824Z 2025-12-08T17:47:40.649Z  WARN 1 --- [config-server] [           main] trationDelegate$BeanPostProcessorChecker : Bean 'org.springframework.cloud.client.loadbalancer.LoadBalancerAutoConfiguration$DeferringLoadBalancerInterceptorConfig' of type [org.springframework.cloud.client.loadbalancer.LoadBalancerAutoConfiguration$DeferringLoadBalancerInterceptorConfig] is not eligible for getting processed by all BeanPostProcessors (for example: not eligible for auto-proxying). The currently created BeanPostProcessor [lbRestClientPostProcessor] is declared through a non-static factory method on that class; consider declaring it as static instead.
2025-12-08T17:47:40.726669432Z 2025-12-08T17:47:40.693Z  WARN 1 --- [config-server] [           main] trationDelegate$BeanPostProcessorChecker : Bean 'deferringLoadBalancerInterceptor' of type [org.springframework.cloud.client.loadbalancer.DeferringLoadBalancerInterceptor] is not eligible for getting processed by all BeanPostProcessors (for example: not eligible for auto-proxying). Is this bean getting eagerly injected into a currently created BeanPostProcessor [lbRestClientPostProcessor]? Check the corresponding BeanPostProcessor declaration and its dependencies.
2025-12-08T17:47:42.263559000Z 2025-12-08T17:47:42.262Z  INFO 1 --- [config-server] [           main] o.s.b.w.embedded.tomcat.TomcatWebServer  : Tomcat initialized with port 8888 (http)
2025-12-08T17:47:42.358023065Z 2025-12-08T17:47:42.356Z  INFO 1 --- [config-server] [           main] o.apache.catalina.core.StandardService   : Starting service [Tomcat]
2025-12-08T17:47:42.358090315Z 2025-12-08T17:47:42.357Z  INFO 1 --- [config-server] [           main] o.apache.catalina.core.StandardEngine    : Starting Servlet engine: [Apache Tomcat/10.1.20]
2025-12-08T17:47:42.590560717Z 2025-12-08T17:47:42.589Z  INFO 1 --- [config-server] [           main] o.a.c.c.C.[Tomcat].[localhost].[/]       : Initializing Spring embedded WebApplicationContext
2025-12-08T17:47:42.598905477Z 2025-12-08T17:47:42.597Z  INFO 1 --- [config-server] [           main] w.s.c.ServletWebServerApplicationContext : Root WebApplicationContext: initialization completed in 10992 ms
2025-12-08T17:47:47.153652435Z 2025-12-08T17:47:47.153Z  INFO 1 --- [config-server] [           main] DiscoveryClientOptionalArgsConfiguration : Eureka HTTP Client uses RestTemplate.
2025-12-08T17:47:57.293645732Z 2025-12-08T17:47:57.292Z  WARN 1 --- [config-server] [           main] iguration$LoadBalancerCaffeineWarnLogger : Spring Cloud LoadBalancer is currently working with the default cache. While this cache implementation is useful for development and tests, it's recommended to use Caffeine cache in production.You can switch to using Caffeine cache, by adding it and org.springframework.cache.caffeine.CaffeineCacheManager to the classpath.
2025-12-08T17:47:57.412909479Z 2025-12-08T17:47:57.412Z  INFO 1 --- [config-server] [           main] o.s.c.n.eureka.InstanceInfoFactory       : Setting initial instance status as: STARTING
2025-12-08T17:47:57.920642287Z 2025-12-08T17:47:57.917Z  INFO 1 --- [config-server] [           main] com.netflix.discovery.DiscoveryClient    : Initializing Eureka in region us-east-1
2025-12-08T17:47:57.949279452Z 2025-12-08T17:47:57.944Z  INFO 1 --- [config-server] [           main] c.n.d.s.r.aws.ConfigClusterResolver      : Resolving eureka endpoints via configuration
2025-12-08T17:47:58.065234772Z 2025-12-08T17:47:58.064Z  INFO 1 --- [config-server] [           main] com.netflix.discovery.DiscoveryClient    : Disable delta property : false
2025-12-08T17:47:58.066593824Z 2025-12-08T17:47:58.066Z  INFO 1 --- [config-server] [           main] com.netflix.discovery.DiscoveryClient    : Single vip registry refresh property : null
2025-12-08T17:47:58.076586551Z 2025-12-08T17:47:58.075Z  INFO 1 --- [config-server] [           main] com.netflix.discovery.DiscoveryClient    : Force full registry fetch : false
2025-12-08T17:47:58.091224729Z 2025-12-08T17:47:58.082Z  INFO 1 --- [config-server] [           main] com.netflix.discovery.DiscoveryClient    : Application is null : false
2025-12-08T17:47:58.092558355Z 2025-12-08T17:47:58.092Z  INFO 1 --- [config-server] [           main] com.netflix.discovery.DiscoveryClient    : Registered Applications size is zero : true
2025-12-08T17:47:58.093107195Z 2025-12-08T17:47:58.092Z  INFO 1 --- [config-server] [           main] com.netflix.discovery.DiscoveryClient    : Application version is -1: true
2025-12-08T17:47:58.093794119Z 2025-12-08T17:47:58.093Z  INFO 1 --- [config-server] [           main] com.netflix.discovery.DiscoveryClient    : Getting all instance registry info from the eureka server
2025-12-08T17:48:01.068490749Z 2025-12-08T17:48:01.065Z  INFO 1 --- [config-server] [           main] com.netflix.discovery.DiscoveryClient    : The response status is 200
2025-12-08T17:48:01.116753919Z 2025-12-08T17:48:01.116Z  INFO 1 --- [config-server] [           main] com.netflix.discovery.DiscoveryClient    : Starting heartbeat executor: renew interval is: 30
2025-12-08T17:48:01.129442999Z 2025-12-08T17:48:01.128Z  INFO 1 --- [config-server] [           main] c.n.discovery.InstanceInfoReplicator     : InstanceInfoReplicator onDemand update allowed rate per min is 4
2025-12-08T17:48:01.166634967Z 2025-12-08T17:48:01.161Z  INFO 1 --- [config-server] [           main] com.netflix.discovery.DiscoveryClient    : Discovery Client initialized at timestamp 1765216081158 with initial instances count: 0
2025-12-08T17:48:01.199064801Z 2025-12-08T17:48:01.194Z  INFO 1 --- [config-server] [           main] o.s.c.n.e.s.EurekaServiceRegistry        : Registering application CONFIG-SERVER with eureka with status UP
2025-12-08T17:48:01.199126573Z 2025-12-08T17:48:01.196Z  INFO 1 --- [config-server] [           main] com.netflix.discovery.DiscoveryClient    : Saw local status change event StatusChangeEvent [timestamp=1765216081196, current=UP, previous=STARTING]
2025-12-08T17:48:01.207463949Z 2025-12-08T17:48:01.206Z  INFO 1 --- [config-server] [nfoReplicator-0] com.netflix.discovery.DiscoveryClient    : DiscoveryClient_CONFIG-SERVER/9988ca369e8c:config-server:8888: registering service...
2025-12-08T17:48:01.605100001Z 2025-12-08T17:48:01.604Z  INFO 1 --- [config-server] [           main] o.s.b.w.embedded.tomcat.TomcatWebServer  : Tomcat started on port 8888 (http) with context path ''
2025-12-08T17:48:01.620018831Z 2025-12-08T17:48:01.617Z  INFO 1 --- [config-server] [           main] .s.c.n.e.s.EurekaAutoServiceRegistration : Updating port to 8888
2025-12-08T17:48:01.841444051Z 2025-12-08T17:48:01.829Z  INFO 1 --- [config-server] [           main] c.c.ConfigServerFlightBookingApplication : Started ConfigServerFlightBookingApplication in 33.304 seconds (process running for 36.263)
2025-12-08T17:48:02.752119019Z 2025-12-08T17:48:02.746Z  INFO 1 --- [config-server] [nio-8888-exec-1] o.a.c.c.C.[Tomcat].[localhost].[/]       : Initializing Spring DispatcherServlet 'dispatcherServlet'
2025-12-08T17:48:02.752237254Z 2025-12-08T17:48:02.747Z  INFO 1 --- [config-server] [nio-8888-exec-1] o.s.web.servlet.DispatcherServlet        : Initializing Servlet 'dispatcherServlet'
2025-12-08T17:48:02.771454735Z 2025-12-08T17:48:02.763Z  INFO 1 --- [config-server] [nio-8888-exec-1] o.s.web.servlet.DispatcherServlet        : Completed initialization in 13 ms
2025-12-08T17:48:03.083016157Z 2025-12-08T17:48:03.061Z  INFO 1 --- [config-server] [nfoReplicator-0] com.netflix.discovery.DiscoveryClient    : DiscoveryClient_CONFIG-SERVER/9988ca369e8c:config-server:8888 - registration status: 204
2025-12-08T17:48:04.643184967Z 2025-12-08T17:48:04.641Z  INFO 1 --- [config-server] [nio-8888-exec-1] o.s.c.c.s.e.NativeEnvironmentRepository  : Adding property source: Config resource 'file [/tmp/config-repo-18439387130474615295/booking-service.properties]' via location 'file:/tmp/config-repo-18439387130474615295/'
2025-12-08T17:48:08.070523354Z 2025-12-08T17:48:08.069Z  INFO 1 --- [config-server] [nio-8888-exec-2] o.s.c.c.s.e.NativeEnvironmentRepository  : Adding property source: Config resource 'file [/tmp/config-repo-18439387130474615295/flight-service.properties]' via location 'file:/tmp/config-repo-18439387130474615295/'
2025-12-08T17:48:09.883552466Z 2025-12-08T17:48:09.882Z  INFO 1 --- [config-server] [nio-8888-exec-6] o.s.c.c.s.e.NativeEnvironmentRepository  : Adding property source: Config resource 'file [/tmp/config-repo-18439387130474615295/api-gateway.properties]' via location 'file:/tmp/config-repo-18439387130474615295/'
2025-12-08T17:48:15.398452997Z 2025-12-08T17:48:15.397Z  INFO 1 --- [config-server] [nio-8888-exec-8] o.s.c.c.s.e.NativeEnvironmentRepository  : Adding property source: Config resource 'file [/tmp/config-repo-18439387130474615295/booking-service.properties]' via location 'file:/tmp/config-repo-18439387130474615295/'
2025-12-08T17:48:31.065955319Z 2025-12-08T17:48:31.064Z  INFO 1 --- [config-server] [freshExecutor-0] com.netflix.discovery.DiscoveryClient    : Disable delta property : false
2025-12-08T17:48:31.066032787Z 2025-12-08T17:48:31.064Z  INFO 1 --- [config-server] [freshExecutor-0] com.netflix.discovery.DiscoveryClient    : Single vip registry refresh property : null
2025-12-08T17:48:31.066061336Z 2025-12-08T17:48:31.064Z  INFO 1 --- [config-server] [freshExecutor-0] com.netflix.discovery.DiscoveryClient    : Force full registry fetch : false
2025-12-08T17:48:31.066064772Z 2025-12-08T17:48:31.065Z  INFO 1 --- [config-server] [freshExecutor-0] com.netflix.discovery.DiscoveryClient    : Application is null : false
2025-12-08T17:48:31.066067751Z 2025-12-08T17:48:31.065Z  INFO 1 --- [config-server] [freshExecutor-0] com.netflix.discovery.DiscoveryClient    : Registered Applications size is zero : true
2025-12-08T17:48:31.066070508Z 2025-12-08T17:48:31.065Z  INFO 1 --- [config-server] [freshExecutor-0] com.netflix.discovery.DiscoveryClient    : Application version is -1: false
2025-12-08T17:48:31.066073956Z 2025-12-08T17:48:31.065Z  INFO 1 --- [config-server] [freshExecutor-0] com.netflix.discovery.DiscoveryClient    : Getting all instance registry info from the eureka server
2025-12-08T17:48:31.214947451Z 2025-12-08T17:48:31.204Z  INFO 1 --- [config-server] [freshExecutor-0] com.netflix.discovery.DiscoveryClient    : The response status is 200
