2025-12-08T17:47:27.414953793Z Standard Commons Logging discovery in action with spring-jcl: please remove commons-logging.jar from classpath in order to avoid potential conflicts
2025-12-08T17:47:29.951748048Z 
2025-12-08T17:47:29.951794532Z   .   ____          _            __ _ _
2025-12-08T17:47:29.951797778Z  /\\ / ___'_ __ _ _(_)_ __  __ _ \ \ \ \
2025-12-08T17:47:29.951800207Z ( ( )\___ | '_ | '_| | '_ \/ _` | \ \ \ \
2025-12-08T17:47:29.951802420Z  \\/  ___)| |_)| | | | | || (_| |  ) ) ) )
2025-12-08T17:47:29.951804469Z   '  |____| .__|_| |_|_| |_\__, | / / / /
2025-12-08T17:47:29.951806593Z  =========|_|==============|___/=/_/_/_/
2025-12-08T17:47:29.973792416Z  :: Spring Boot ::                (v3.2.5)
2025-12-08T17:47:29.973826751Z 
2025-12-08T17:47:30.919275225Z 2025-12-08T17:47:30.901Z  INFO 1 --- [FlightBookingEurekaServer] [           main] c.f.FlightBookingEurekaServerApplication : Starting FlightBookingEurekaServerApplication v0.0.1-SNAPSHOT using Java 17.0.17 with PID 1 (/app.jar started by root in /)
2025-12-08T17:47:30.923074081Z 2025-12-08T17:47:30.921Z  INFO 1 --- [FlightBookingEurekaServer] [           main] c.f.FlightBookingEurekaServerApplication : No active profile set, falling back to 1 default profile: "default"
2025-12-08T17:47:41.235152591Z 2025-12-08T17:47:41.234Z  INFO 1 --- [FlightBookingEurekaServer] [           main] o.s.cloud.context.scope.GenericScope     : BeanFactory id=c06fdd43-61cd-327e-9c1f-09248546138e
2025-12-08T17:47:41.599544749Z 2025-12-08T17:47:41.598Z  WARN 1 --- [FlightBookingEurekaServer] [           main] trationDelegate$BeanPostProcessorChecker : Bean 'org.springframework.cloud.client.loadbalancer.LoadBalancerAutoConfiguration$DeferringLoadBalancerInterceptorConfig' of type [org.springframework.cloud.client.loadbalancer.LoadBalancerAutoConfiguration$DeferringLoadBalancerInterceptorConfig] is not eligible for getting processed by all BeanPostProcessors (for example: not eligible for auto-proxying). The currently created BeanPostProcessor [lbRestClientPostProcessor] is declared through a non-static factory method on that class; consider declaring it as static instead.
2025-12-08T17:47:41.636678311Z 2025-12-08T17:47:41.634Z  WARN 1 --- [FlightBookingEurekaServer] [           main] trationDelegate$BeanPostProcessorChecker : Bean 'deferringLoadBalancerInterceptor' of type [org.springframework.cloud.client.loadbalancer.DeferringLoadBalancerInterceptor] is not eligible for getting processed by all BeanPostProcessors (for example: not eligible for auto-proxying). Is this bean getting eagerly injected into a currently created BeanPostProcessor [lbRestClientPostProcessor]? Check the corresponding BeanPostProcessor declaration and its dependencies.
2025-12-08T17:47:43.382629695Z 2025-12-08T17:47:43.381Z  INFO 1 --- [FlightBookingEurekaServer] [           main] o.s.b.w.embedded.tomcat.TomcatWebServer  : Tomcat initialized with port 8761 (http)
2025-12-08T17:47:43.436654264Z 2025-12-08T17:47:43.436Z  INFO 1 --- [FlightBookingEurekaServer] [           main] o.apache.catalina.core.StandardService   : Starting service [Tomcat]
2025-12-08T17:47:43.438641941Z 2025-12-08T17:47:43.436Z  INFO 1 --- [FlightBookingEurekaServer] [           main] o.apache.catalina.core.StandardEngine    : Starting Servlet engine: [Apache Tomcat/10.1.20]
2025-12-08T17:47:43.600553161Z 2025-12-08T17:47:43.599Z  INFO 1 --- [FlightBookingEurekaServer] [           main] o.a.c.c.C.[Tomcat].[localhost].[/]       : Initializing Spring embedded WebApplicationContext
2025-12-08T17:47:43.606123783Z 2025-12-08T17:47:43.605Z  INFO 1 --- [FlightBookingEurekaServer] [           main] w.s.c.ServletWebServerApplicationContext : Root WebApplicationContext: initialization completed in 11741 ms
2025-12-08T17:47:43.623101439Z Standard Commons Logging discovery in action with spring-jcl: please remove commons-logging.jar from classpath in order to avoid potential conflicts
2025-12-08T17:47:50.034376316Z 2025-12-08T17:47:50.012Z  INFO 1 --- [FlightBookingEurekaServer] [           main] c.n.d.provider.DiscoveryJerseyProvider   : Using JSON encoding codec LegacyJacksonJson
2025-12-08T17:47:50.034449003Z 2025-12-08T17:47:50.028Z  INFO 1 --- [FlightBookingEurekaServer] [           main] c.n.d.provider.DiscoveryJerseyProvider   : Using JSON decoding codec LegacyJacksonJson
2025-12-08T17:47:51.691490000Z 2025-12-08T17:47:51.689Z  INFO 1 --- [FlightBookingEurekaServer] [           main] c.n.d.provider.DiscoveryJerseyProvider   : Using XML encoding codec XStreamXml
2025-12-08T17:47:51.697308527Z 2025-12-08T17:47:51.695Z  INFO 1 --- [FlightBookingEurekaServer] [           main] c.n.d.provider.DiscoveryJerseyProvider   : Using XML decoding codec XStreamXml
2025-12-08T17:47:56.447990674Z 2025-12-08T17:47:56.446Z  WARN 1 --- [FlightBookingEurekaServer] [           main] iguration$LoadBalancerCaffeineWarnLogger : Spring Cloud LoadBalancer is currently working with the default cache. While this cache implementation is useful for development and tests, it's recommended to use Caffeine cache in production.You can switch to using Caffeine cache, by adding it and org.springframework.cache.caffeine.CaffeineCacheManager to the classpath.
2025-12-08T17:47:56.643842273Z 2025-12-08T17:47:56.642Z  INFO 1 --- [FlightBookingEurekaServer] [           main] o.s.c.n.eureka.InstanceInfoFactory       : Setting initial instance status as: STARTING
2025-12-08T17:47:56.833345238Z 2025-12-08T17:47:56.832Z  INFO 1 --- [FlightBookingEurekaServer] [           main] com.netflix.discovery.DiscoveryClient    : Initializing Eureka in region us-east-1
2025-12-08T17:47:56.833968441Z 2025-12-08T17:47:56.833Z  INFO 1 --- [FlightBookingEurekaServer] [           main] com.netflix.discovery.DiscoveryClient    : Client configured to neither register nor query for data.
2025-12-08T17:47:56.974928316Z 2025-12-08T17:47:56.973Z  INFO 1 --- [FlightBookingEurekaServer] [           main] com.netflix.discovery.DiscoveryClient    : Discovery Client initialized at timestamp 1765216076957 with initial instances count: 0
2025-12-08T17:47:57.222821855Z 2025-12-08T17:47:57.222Z  INFO 1 --- [FlightBookingEurekaServer] [           main] c.n.eureka.DefaultEurekaServerContext    : Initializing ...
2025-12-08T17:47:57.236151159Z 2025-12-08T17:47:57.228Z  INFO 1 --- [FlightBookingEurekaServer] [           main] c.n.eureka.cluster.PeerEurekaNodes       : Adding new peer nodes [http://localhost:8761/eureka/]
2025-12-08T17:47:57.790648246Z 2025-12-08T17:47:57.789Z  INFO 1 --- [FlightBookingEurekaServer] [           main] c.n.d.provider.DiscoveryJerseyProvider   : Using JSON encoding codec LegacyJacksonJson
2025-12-08T17:47:57.790705279Z 2025-12-08T17:47:57.789Z  INFO 1 --- [FlightBookingEurekaServer] [           main] c.n.d.provider.DiscoveryJerseyProvider   : Using JSON decoding codec LegacyJacksonJson
2025-12-08T17:47:57.790712966Z 2025-12-08T17:47:57.789Z  INFO 1 --- [FlightBookingEurekaServer] [           main] c.n.d.provider.DiscoveryJerseyProvider   : Using XML encoding codec XStreamXml
2025-12-08T17:47:57.790802894Z 2025-12-08T17:47:57.789Z  INFO 1 --- [FlightBookingEurekaServer] [           main] c.n.d.provider.DiscoveryJerseyProvider   : Using XML decoding codec XStreamXml
2025-12-08T17:47:58.326700498Z 2025-12-08T17:47:58.325Z  INFO 1 --- [FlightBookingEurekaServer] [           main] c.n.eureka.cluster.PeerEurekaNodes       : Replica node URL:  http://localhost:8761/eureka/
2025-12-08T17:47:58.365809137Z 2025-12-08T17:47:58.365Z  INFO 1 --- [FlightBookingEurekaServer] [           main] c.n.e.registry.AbstractInstanceRegistry  : Finished initializing remote region registries. All known remote regions: []
2025-12-08T17:47:58.368587587Z 2025-12-08T17:47:58.367Z  INFO 1 --- [FlightBookingEurekaServer] [           main] c.n.eureka.DefaultEurekaServerContext    : Initialized
2025-12-08T17:47:58.424542584Z 2025-12-08T17:47:58.423Z  INFO 1 --- [FlightBookingEurekaServer] [           main] o.s.b.a.e.web.EndpointLinksResolver      : Exposing 1 endpoint(s) beneath base path '/actuator'
2025-12-08T17:47:58.709996710Z 2025-12-08T17:47:58.709Z  INFO 1 --- [FlightBookingEurekaServer] [           main] o.s.c.n.e.s.EurekaServiceRegistry        : Registering application FLIGHTBOOKINGEUREKASERVER with eureka with status UP
2025-12-08T17:47:58.782859349Z 2025-12-08T17:47:58.782Z  INFO 1 --- [FlightBookingEurekaServer] [       Thread-9] o.s.c.n.e.server.EurekaServerBootstrap   : isAws returned false
2025-12-08T17:47:58.784268793Z 2025-12-08T17:47:58.783Z  INFO 1 --- [FlightBookingEurekaServer] [       Thread-9] o.s.c.n.e.server.EurekaServerBootstrap   : Initialized server context
2025-12-08T17:47:58.784943140Z 2025-12-08T17:47:58.784Z  INFO 1 --- [FlightBookingEurekaServer] [       Thread-9] c.n.e.r.PeerAwareInstanceRegistryImpl    : Got 1 instances from neighboring DS node
2025-12-08T17:47:58.794894873Z 2025-12-08T17:47:58.791Z  INFO 1 --- [FlightBookingEurekaServer] [       Thread-9] c.n.e.r.PeerAwareInstanceRegistryImpl    : Renew threshold is: 1
2025-12-08T17:47:58.795668268Z 2025-12-08T17:47:58.795Z  INFO 1 --- [FlightBookingEurekaServer] [       Thread-9] c.n.e.r.PeerAwareInstanceRegistryImpl    : Changing status to UP
2025-12-08T17:47:58.861337571Z 2025-12-08T17:47:58.860Z  INFO 1 --- [FlightBookingEurekaServer] [       Thread-9] e.s.EurekaServerInitializerConfiguration : Started Eureka Server
2025-12-08T17:47:58.917310393Z 2025-12-08T17:47:58.916Z  INFO 1 --- [FlightBookingEurekaServer] [           main] o.s.b.w.embedded.tomcat.TomcatWebServer  : Tomcat started on port 8761 (http) with context path ''
2025-12-08T17:47:58.923565650Z 2025-12-08T17:47:58.922Z  INFO 1 --- [FlightBookingEurekaServer] [           main] .s.c.n.e.s.EurekaAutoServiceRegistration : Updating port to 8761
2025-12-08T17:47:59.027707463Z 2025-12-08T17:47:59.027Z  INFO 1 --- [FlightBookingEurekaServer] [           main] c.f.FlightBookingEurekaServerApplication : Started FlightBookingEurekaServerApplication in 30.508 seconds (process running for 34.762)
2025-12-08T17:47:59.989084909Z 2025-12-08T17:47:59.983Z  INFO 1 --- [FlightBookingEurekaServer] [nio-8761-exec-1] o.a.c.c.C.[Tomcat].[localhost].[/]       : Initializing Spring DispatcherServlet 'dispatcherServlet'
2025-12-08T17:47:59.995720520Z 2025-12-08T17:47:59.994Z  INFO 1 --- [FlightBookingEurekaServer] [nio-8761-exec-1] o.s.web.servlet.DispatcherServlet        : Initializing Servlet 'dispatcherServlet'
2025-12-08T17:48:00.004652063Z 2025-12-08T17:48:00.002Z  INFO 1 --- [FlightBookingEurekaServer] [nio-8761-exec-1] o.s.web.servlet.DispatcherServlet        : Completed initialization in 7 ms
2025-12-08T17:48:03.019029288Z 2025-12-08T17:48:03.007Z  INFO 1 --- [FlightBookingEurekaServer] [nio-8761-exec-2] c.n.e.registry.AbstractInstanceRegistry  : Registered instance CONFIG-SERVER/9988ca369e8c:config-server:8888 with status UP (replication=false)
2025-12-08T17:48:04.716518924Z 2025-12-08T17:48:04.715Z  INFO 1 --- [FlightBookingEurekaServer] [nio-8761-exec-3] c.n.e.registry.AbstractInstanceRegistry  : Registered instance CONFIG-SERVER/9988ca369e8c:config-server:8888 with status UP (replication=true)
2025-12-08T17:48:29.843381250Z 2025-12-08T17:48:29.836Z  INFO 1 --- [FlightBookingEurekaServer] [nio-8761-exec-6] c.n.e.registry.AbstractInstanceRegistry  : Registered instance FLIGHT-SERVICE/5131f644fdfd:flight-service:8090 with status UP (replication=false)
2025-12-08T17:48:30.372419763Z 2025-12-08T17:48:30.371Z  INFO 1 --- [FlightBookingEurekaServer] [nio-8761-exec-7] c.n.e.registry.AbstractInstanceRegistry  : Registered instance FLIGHT-SERVICE/5131f644fdfd:flight-service:8090 with status UP (replication=true)
2025-12-08T17:48:37.291119843Z 2025-12-08T17:48:37.290Z  INFO 1 --- [FlightBookingEurekaServer] [nio-8761-exec-1] c.n.e.registry.AbstractInstanceRegistry  : Registered instance API-GATEWAY/1ec9b1830ae6:api-gateway:9000 with status UP (replication=false)
2025-12-08T17:48:37.830376716Z 2025-12-08T17:48:37.829Z  INFO 1 --- [FlightBookingEurekaServer] [nio-8761-exec-2] c.n.e.registry.AbstractInstanceRegistry  : Registered instance API-GATEWAY/1ec9b1830ae6:api-gateway:9000 with status UP (replication=true)
2025-12-08T17:48:43.310007766Z 2025-12-08T17:48:43.309Z  INFO 1 --- [FlightBookingEurekaServer] [nio-8761-exec-5] c.n.e.registry.AbstractInstanceRegistry  : Registered instance BOOKING-SERVICE/7bcf61a9ea58:booking-service:8080 with status UP (replication=false)
2025-12-08T17:48:43.832414441Z 2025-12-08T17:48:43.831Z  INFO 1 --- [FlightBookingEurekaServer] [nio-8761-exec-6] c.n.e.registry.AbstractInstanceRegistry  : Registered instance BOOKING-SERVICE/7bcf61a9ea58:booking-service:8080 with status UP (replication=true)
2025-12-08T17:48:58.818682684Z 2025-12-08T17:48:58.817Z  INFO 1 --- [FlightBookingEurekaServer] [a-EvictionTimer] c.n.e.registry.AbstractInstanceRegistry  : Running the evict task with compensationTime 0ms
2025-12-08T17:49:58.819077562Z 2025-12-08T17:49:58.817Z  INFO 1 --- [FlightBookingEurekaServer] [a-EvictionTimer] c.n.e.registry.AbstractInstanceRegistry  : Running the evict task with compensationTime 54ms
2025-12-08T17:50:58.818749593Z 2025-12-08T17:50:58.817Z  INFO 1 --- [FlightBookingEurekaServer] [a-EvictionTimer] c.n.e.registry.AbstractInstanceRegistry  : Running the evict task with compensationTime 44ms
